{"/var/www/nodejs-expert/Renting-Car/test/unit/carService.test.js":{"path":"/var/www/nodejs-expert/Renting-Car/test/unit/carService.test.js","statementMap":{"0":{"start":{"line":1,"column":48},"end":{"line":1,"column":64}},"1":{"start":{"line":2,"column":19},"end":{"line":2,"column":58}},"2":{"start":{"line":3,"column":20},"end":{"line":3,"column":61}},"3":{"start":{"line":4,"column":17},"end":{"line":4,"column":32}},"4":{"start":{"line":5,"column":15},"end":{"line":5,"column":32}},"5":{"start":{"line":6,"column":19},"end":{"line":6,"column":34}},"6":{"start":{"line":7,"column":14},"end":{"line":7,"column":30}},"7":{"start":{"line":8,"column":21},"end":{"line":8,"column":69}},"8":{"start":{"line":10,"column":14},"end":{"line":14,"column":1}},"9":{"start":{"line":16,"column":0},"end":{"line":169,"column":3}},"10":{"start":{"line":17,"column":19},"end":{"line":17,"column":21}},"11":{"start":{"line":18,"column":16},"end":{"line":18,"column":18}},"12":{"start":{"line":20,"column":2},"end":{"line":22,"column":5}},"13":{"start":{"line":21,"column":4},"end":{"line":21,"column":56}},"14":{"start":{"line":24,"column":2},"end":{"line":26,"column":5}},"15":{"start":{"line":25,"column":4},"end":{"line":25,"column":36}},"16":{"start":{"line":28,"column":2},"end":{"line":30,"column":5}},"17":{"start":{"line":29,"column":4},"end":{"line":29,"column":22}},"18":{"start":{"line":32,"column":2},"end":{"line":53,"column":5}},"19":{"start":{"line":34,"column":19},"end":{"line":34,"column":48}},"20":{"start":{"line":35,"column":27},"end":{"line":50,"column":5}},"21":{"start":{"line":52,"column":4},"end":{"line":52,"column":51}},"22":{"start":{"line":55,"column":2},"end":{"line":60,"column":5}},"23":{"start":{"line":56,"column":17},"end":{"line":56,"column":32}},"24":{"start":{"line":57,"column":19},"end":{"line":57,"column":62}},"25":{"start":{"line":59,"column":4},"end":{"line":59,"column":56}},"26":{"start":{"line":62,"column":2},"end":{"line":70,"column":5}},"27":{"start":{"line":63,"column":23},"end":{"line":63,"column":24}},"28":{"start":{"line":64,"column":24},"end":{"line":64,"column":46}},"29":{"start":{"line":65,"column":21},"end":{"line":65,"column":54}},"30":{"start":{"line":67,"column":19},"end":{"line":67,"column":58}},"31":{"start":{"line":69,"column":4},"end":{"line":69,"column":54}},"32":{"start":{"line":72,"column":2},"end":{"line":85,"column":5}},"33":{"start":{"line":73,"column":24},"end":{"line":73,"column":46}},"34":{"start":{"line":74,"column":23},"end":{"line":74,"column":24}},"35":{"start":{"line":76,"column":4},"end":{"line":78,"column":27}},"36":{"start":{"line":80,"column":19},"end":{"line":80,"column":58}},"37":{"start":{"line":81,"column":21},"end":{"line":81,"column":54}},"38":{"start":{"line":83,"column":4},"end":{"line":83,"column":41}},"39":{"start":{"line":84,"column":4},"end":{"line":84,"column":70}},"40":{"start":{"line":87,"column":2},"end":{"line":105,"column":5}},"41":{"start":{"line":88,"column":16},"end":{"line":88,"column":30}},"42":{"start":{"line":91,"column":24},"end":{"line":91,"column":61}},"43":{"start":{"line":92,"column":4},"end":{"line":92,"column":31}},"44":{"start":{"line":94,"column":4},"end":{"line":96,"column":21}},"45":{"start":{"line":98,"column":4},"end":{"line":98,"column":61}},"46":{"start":{"line":100,"column":19},"end":{"line":100,"column":64}},"47":{"start":{"line":102,"column":4},"end":{"line":102,"column":59}},"48":{"start":{"line":104,"column":4},"end":{"line":104,"column":41}},"49":{"start":{"line":107,"column":2},"end":{"line":128,"column":5}},"50":{"start":{"line":108,"column":21},"end":{"line":108,"column":55}},"51":{"start":{"line":109,"column":4},"end":{"line":109,"column":22}},"52":{"start":{"line":111,"column":24},"end":{"line":111,"column":61}},"53":{"start":{"line":112,"column":4},"end":{"line":112,"column":29}},"54":{"start":{"line":114,"column":25},"end":{"line":114,"column":26}},"55":{"start":{"line":116,"column":4},"end":{"line":118,"column":52}},"56":{"start":{"line":118,"column":17},"end":{"line":118,"column":50}},"57":{"start":{"line":120,"column":21},"end":{"line":120,"column":60}},"58":{"start":{"line":121,"column":19},"end":{"line":125,"column":5}},"59":{"start":{"line":127,"column":4},"end":{"line":127,"column":46}},"60":{"start":{"line":130,"column":2},"end":{"line":168,"column":5}},"61":{"start":{"line":131,"column":16},"end":{"line":131,"column":30}},"62":{"start":{"line":132,"column":24},"end":{"line":136,"column":5}},"63":{"start":{"line":138,"column":21},"end":{"line":138,"column":55}},"64":{"start":{"line":139,"column":4},"end":{"line":139,"column":22}},"65":{"start":{"line":140,"column":25},"end":{"line":140,"column":26}},"66":{"start":{"line":141,"column":18},"end":{"line":141,"column":28}},"67":{"start":{"line":142,"column":20},"end":{"line":142,"column":35}},"68":{"start":{"line":143,"column":4},"end":{"line":143,"column":54}},"69":{"start":{"line":145,"column":20},"end":{"line":149,"column":5}},"70":{"start":{"line":151,"column":16},"end":{"line":151,"column":37}},"71":{"start":{"line":152,"column":4},"end":{"line":152,"column":41}},"72":{"start":{"line":153,"column":4},"end":{"line":155,"column":21}},"73":{"start":{"line":157,"column":27},"end":{"line":157,"column":66}},"74":{"start":{"line":158,"column":19},"end":{"line":158,"column":77}},"75":{"start":{"line":160,"column":21},"end":{"line":165,"column":6}},"76":{"start":{"line":167,"column":4},"end":{"line":167,"column":46}}},"fnMap":{"0":{"name":"(anonymous_0)","decl":{"start":{"line":16,"column":35},"end":{"line":16,"column":36}},"loc":{"start":{"line":16,"column":41},"end":{"line":169,"column":1}},"line":16},"1":{"name":"(anonymous_1)","decl":{"start":{"line":20,"column":9},"end":{"line":20,"column":10}},"loc":{"start":{"line":20,"column":15},"end":{"line":22,"column":3}},"line":20},"2":{"name":"(anonymous_2)","decl":{"start":{"line":24,"column":13},"end":{"line":24,"column":14}},"loc":{"start":{"line":24,"column":19},"end":{"line":26,"column":3}},"line":24},"3":{"name":"(anonymous_3)","decl":{"start":{"line":28,"column":12},"end":{"line":28,"column":13}},"loc":{"start":{"line":28,"column":18},"end":{"line":30,"column":3}},"line":28},"4":{"name":"(anonymous_4)","decl":{"start":{"line":32,"column":37},"end":{"line":32,"column":38}},"loc":{"start":{"line":32,"column":49},"end":{"line":53,"column":3}},"line":32},"5":{"name":"(anonymous_5)","decl":{"start":{"line":55,"column":53},"end":{"line":55,"column":54}},"loc":{"start":{"line":55,"column":59},"end":{"line":60,"column":3}},"line":55},"6":{"name":"(anonymous_6)","decl":{"start":{"line":62,"column":62},"end":{"line":62,"column":63}},"loc":{"start":{"line":62,"column":68},"end":{"line":70,"column":3}},"line":62},"7":{"name":"(anonymous_7)","decl":{"start":{"line":72,"column":77},"end":{"line":72,"column":78}},"loc":{"start":{"line":72,"column":83},"end":{"line":85,"column":3}},"line":72},"8":{"name":"(anonymous_8)","decl":{"start":{"line":87,"column":63},"end":{"line":87,"column":64}},"loc":{"start":{"line":87,"column":75},"end":{"line":105,"column":3}},"line":87},"9":{"name":"(anonymous_9)","decl":{"start":{"line":107,"column":94},"end":{"line":107,"column":95}},"loc":{"start":{"line":107,"column":106},"end":{"line":128,"column":3}},"line":107},"10":{"name":"(anonymous_10)","decl":{"start":{"line":118,"column":11},"end":{"line":118,"column":12}},"loc":{"start":{"line":118,"column":17},"end":{"line":118,"column":50}},"line":118},"11":{"name":"(anonymous_11)","decl":{"start":{"line":130,"column":83},"end":{"line":130,"column":84}},"loc":{"start":{"line":130,"column":95},"end":{"line":168,"column":3}},"line":130}},"branchMap":{},"s":{"0":1,"1":1,"2":1,"3":1,"4":1,"5":1,"6":1,"7":1,"8":1,"9":1,"10":1,"11":1,"12":1,"13":1,"14":1,"15":7,"16":1,"17":7,"18":1,"19":1,"20":1,"21":1,"22":1,"23":1,"24":1,"25":1,"26":1,"27":1,"28":1,"29":1,"30":1,"31":1,"32":1,"33":1,"34":1,"35":1,"36":1,"37":1,"38":1,"39":1,"40":1,"41":1,"42":1,"43":1,"44":1,"45":1,"46":1,"47":1,"48":1,"49":1,"50":1,"51":1,"52":1,"53":1,"54":1,"55":1,"56":1,"57":1,"58":1,"59":1,"60":1,"61":1,"62":1,"63":1,"64":1,"65":1,"66":1,"67":1,"68":1,"69":1,"70":1,"71":1,"72":1,"73":1,"74":1,"75":1,"76":1},"f":{"0":1,"1":1,"2":7,"3":7,"4":1,"5":1,"6":1,"7":1,"8":1,"9":1,"10":1,"11":1},"b":{},"_coverageSchema":"1a1c01bbd47fc00a2c39e90264f33305004495a9","hash":"24946f6509430daa5250570cf660bb78e2748642","contentHash":"d75fa4127533109e12ceda4cc6bb7409800fe2476e65b4705b268d2ef0c3ae91"},"/var/www/nodejs-expert/Renting-Car/src/service/carService.js":{"path":"/var/www/nodejs-expert/Renting-Car/src/service/carService.js","statementMap":{"0":{"start":{"line":1,"column":20},"end":{"line":1,"column":54}},"1":{"start":{"line":2,"column":23},"end":{"line":2,"column":59}},"2":{"start":{"line":3,"column":12},"end":{"line":3,"column":40}},"3":{"start":{"line":7,"column":4},"end":{"line":7,"column":50}},"4":{"start":{"line":9,"column":4},"end":{"line":12,"column":7}},"5":{"start":{"line":14,"column":4},"end":{"line":14,"column":47}},"6":{"start":{"line":18,"column":4},"end":{"line":18,"column":37}},"7":{"start":{"line":22,"column":18},"end":{"line":22,"column":51}},"8":{"start":{"line":24,"column":4},"end":{"line":24,"column":48}},"9":{"start":{"line":28,"column":23},"end":{"line":28,"column":34}},"10":{"start":{"line":30,"column":4},"end":{"line":30,"column":50}},"11":{"start":{"line":34,"column":27},"end":{"line":36,"column":5}},"12":{"start":{"line":37,"column":18},"end":{"line":37,"column":55}},"13":{"start":{"line":39,"column":4},"end":{"line":39,"column":17}},"14":{"start":{"line":43,"column":20},"end":{"line":43,"column":28}},"15":{"start":{"line":44,"column":18},"end":{"line":44,"column":35}},"16":{"start":{"line":45,"column":26},"end":{"line":47,"column":5}},"17":{"start":{"line":46,"column":15},"end":{"line":46,"column":47}},"18":{"start":{"line":49,"column":23},"end":{"line":49,"column":49}},"19":{"start":{"line":51,"column":27},"end":{"line":51,"column":65}},"20":{"start":{"line":53,"column":4},"end":{"line":53,"column":26}},"21":{"start":{"line":57,"column":16},"end":{"line":57,"column":55}},"22":{"start":{"line":58,"column":23},"end":{"line":62,"column":5}},"23":{"start":{"line":64,"column":18},"end":{"line":64,"column":28}},"24":{"start":{"line":65,"column":4},"end":{"line":65,"column":50}},"25":{"start":{"line":66,"column":20},"end":{"line":66,"column":70}},"26":{"start":{"line":67,"column":20},"end":{"line":67,"column":62}},"27":{"start":{"line":68,"column":24},"end":{"line":73,"column":6}},"28":{"start":{"line":75,"column":4},"end":{"line":75,"column":23}},"29":{"start":{"line":79,"column":0},"end":{"line":79,"column":28}}},"fnMap":{"0":{"name":"(anonymous_0)","decl":{"start":{"line":6,"column":2},"end":{"line":6,"column":3}},"loc":{"start":{"line":6,"column":24},"end":{"line":15,"column":3}},"line":6},"1":{"name":"(anonymous_1)","decl":{"start":{"line":17,"column":2},"end":{"line":17,"column":3}},"loc":{"start":{"line":17,"column":15},"end":{"line":19,"column":3}},"line":17},"2":{"name":"(anonymous_2)","decl":{"start":{"line":21,"column":2},"end":{"line":21,"column":3}},"loc":{"start":{"line":21,"column":37},"end":{"line":25,"column":3}},"line":21},"3":{"name":"(anonymous_3)","decl":{"start":{"line":27,"column":2},"end":{"line":27,"column":3}},"loc":{"start":{"line":27,"column":35},"end":{"line":31,"column":3}},"line":27},"4":{"name":"(anonymous_4)","decl":{"start":{"line":33,"column":2},"end":{"line":33,"column":3}},"loc":{"start":{"line":33,"column":31},"end":{"line":40,"column":3}},"line":33},"5":{"name":"(anonymous_5)","decl":{"start":{"line":42,"column":2},"end":{"line":42,"column":3}},"loc":{"start":{"line":42,"column":59},"end":{"line":54,"column":3}},"line":42},"6":{"name":"(anonymous_6)","decl":{"start":{"line":46,"column":6},"end":{"line":46,"column":7}},"loc":{"start":{"line":46,"column":15},"end":{"line":46,"column":47}},"line":46},"7":{"name":"(anonymous_7)","decl":{"start":{"line":56,"column":2},"end":{"line":56,"column":3}},"loc":{"start":{"line":56,"column":50},"end":{"line":76,"column":3}},"line":56}},"branchMap":{"0":{"loc":{"start":{"line":46,"column":15},"end":{"line":46,"column":47}},"type":"binary-expr","locations":[{"start":{"line":46,"column":15},"end":{"line":46,"column":30}},{"start":{"line":46,"column":34},"end":{"line":46,"column":47}}],"line":46}},"s":{"0":1,"1":1,"2":1,"3":1,"4":1,"5":1,"6":1,"7":2,"8":2,"9":4,"10":4,"11":4,"12":4,"13":4,"14":2,"15":2,"16":2,"17":2,"18":2,"19":2,"20":2,"21":1,"22":1,"23":1,"24":1,"25":1,"26":1,"27":1,"28":1,"29":1},"f":{"0":1,"1":1,"2":2,"3":4,"4":4,"5":2,"6":2,"7":1},"b":{"0":[2,2]},"_coverageSchema":"1a1c01bbd47fc00a2c39e90264f33305004495a9","hash":"dcc06e7f4e5188959a06768f567c1cfe5703433c","contentHash":"a8f7b21e3b019fd4fe729aaa4cff3f0fbd5d595f5f3407ecddc25c9a058af4e9"},"/var/www/nodejs-expert/Renting-Car/src/entities/transaction.js":{"path":"/var/www/nodejs-expert/Renting-Car/src/entities/transaction.js","statementMap":{"0":{"start":{"line":3,"column":4},"end":{"line":6,"column":31}},"1":{"start":{"line":10,"column":0},"end":{"line":10,"column":29}}},"fnMap":{"0":{"name":"(anonymous_0)","decl":{"start":{"line":2,"column":2},"end":{"line":2,"column":3}},"loc":{"start":{"line":2,"column":50},"end":{"line":7,"column":3}},"line":2}},"branchMap":{},"s":{"0":2,"1":1},"f":{"0":2},"b":{},"_coverageSchema":"1a1c01bbd47fc00a2c39e90264f33305004495a9","hash":"76e625e94ef91dbeb42a5383c49269d506a23a51","contentHash":"afe2415975b6612e1c0e452162f4f516c982420ab3a76cb22eac60d18bc49fe1"},"/var/www/nodejs-expert/Renting-Car/src/repositories/base/base.js":{"path":"/var/www/nodejs-expert/Renting-Car/src/repositories/base/base.js","statementMap":{"0":{"start":{"line":1,"column":21},"end":{"line":1,"column":43}},"1":{"start":{"line":5,"column":4},"end":{"line":5,"column":21}},"2":{"start":{"line":9,"column":20},"end":{"line":9,"column":57}},"3":{"start":{"line":10,"column":4},"end":{"line":12,"column":5}},"4":{"start":{"line":11,"column":6},"end":{"line":11,"column":21}},"5":{"start":{"line":14,"column":4},"end":{"line":14,"column":51}},"6":{"start":{"line":14,"column":36},"end":{"line":14,"column":49}},"7":{"start":{"line":18,"column":0},"end":{"line":18,"column":32}}},"fnMap":{"0":{"name":"(anonymous_0)","decl":{"start":{"line":4,"column":2},"end":{"line":4,"column":3}},"loc":{"start":{"line":4,"column":20},"end":{"line":6,"column":3}},"line":4},"1":{"name":"(anonymous_1)","decl":{"start":{"line":8,"column":2},"end":{"line":8,"column":3}},"loc":{"start":{"line":8,"column":21},"end":{"line":15,"column":3}},"line":8},"2":{"name":"(anonymous_2)","decl":{"start":{"line":14,"column":24},"end":{"line":14,"column":25}},"loc":{"start":{"line":14,"column":36},"end":{"line":14,"column":49}},"line":14}},"branchMap":{"0":{"loc":{"start":{"line":10,"column":4},"end":{"line":12,"column":5}},"type":"if","locations":[{"start":{"line":10,"column":4},"end":{"line":12,"column":5}},{"start":{},"end":{}}],"line":10}},"s":{"0":1,"1":1,"2":1,"3":1,"4":1,"5":0,"6":0,"7":1},"f":{"0":1,"1":1,"2":0},"b":{"0":[1,0]},"_coverageSchema":"1a1c01bbd47fc00a2c39e90264f33305004495a9","hash":"eed5854bc0c9e33c44582a98703f958981d563ce","contentHash":"c5d37ae244600afeff307140a4992b212e316a6321c3cb9ca396dc2467508b03"},"/var/www/nodejs-expert/Renting-Car/src/entities/tax.js":{"path":"/var/www/nodejs-expert/Renting-Car/src/entities/tax.js","statementMap":{"0":{"start":{"line":3,"column":4},"end":{"line":15,"column":6}},"1":{"start":{"line":19,"column":0},"end":{"line":19,"column":21}}},"fnMap":{"0":{"name":"(anonymous_0)","decl":{"start":{"line":2,"column":2},"end":{"line":2,"column":3}},"loc":{"start":{"line":2,"column":31},"end":{"line":16,"column":3}},"line":2}},"branchMap":{},"s":{"0":1,"1":1},"f":{"0":1},"b":{},"_coverageSchema":"1a1c01bbd47fc00a2c39e90264f33305004495a9","hash":"f5840b98a1f8aebf3d00c302ecc8039f660b1497","contentHash":"e14ab9bb9c4aad08688e7a6355929017812fd91456f1485913b04ab65ea23db6"}}